<?xml version="1.0" encoding="UTF-8"?>
<testng-results skipped="0" failed="0" ignored="0" total="1" passed="1">
  <reporter-output>
  </reporter-output>
  <suite name="Default suite" duration-ms="4188" started-at="2018-07-10T10:26:43Z" finished-at="2018-07-10T10:26:47Z">
    <groups>
    </groups>
    <test name="Default test" duration-ms="4188" started-at="2018-07-10T10:26:43Z" finished-at="2018-07-10T10:26:47Z">
      <class name="com.qainfotech.com.Baisc_course.TestFile">
        <test-method status="PASS" signature="f()[pri:0, instance:com.qainfotech.com.Baisc_course.TestFile@7d9d1a19]" name="f" duration-ms="4161" started-at="2018-07-10T10:26:43Z" finished-at="2018-07-10T10:26:47Z">
          <reporter-output>
          </reporter-output>
        </test-method> <!-- f -->
      </class> <!-- com.qainfotech.com.Baisc_course.TestFile -->
    </test> <!-- Default test -->
  </suite> <!-- Default suite -->
</testng-results>
